0 info it worked if it ends with ok
1 verbose cli [ '/usr/local/bin/node',
1 verbose cli   '/usr/local/bin/npm',
1 verbose cli   'install',
1 verbose cli   'node-python' ]
2 info using npm@4.1.2
3 info using node@v7.6.0
4 silly loadCurrentTree Starting
5 silly install loadCurrentTree
6 silly install readLocalPackageData
7 silly fetchPackageMetaData node-python
8 silly fetchNamedPackageData node-python
9 silly mapToRegistry name node-python
10 silly mapToRegistry using default registry
11 silly mapToRegistry registry https://registry.npmjs.org/
12 silly mapToRegistry data Result {
12 silly mapToRegistry   raw: 'node-python',
12 silly mapToRegistry   scope: null,
12 silly mapToRegistry   escapedName: 'node-python',
12 silly mapToRegistry   name: 'node-python',
12 silly mapToRegistry   rawSpec: '',
12 silly mapToRegistry   spec: 'latest',
12 silly mapToRegistry   type: 'tag' }
13 silly mapToRegistry uri https://registry.npmjs.org/node-python
14 verbose request uri https://registry.npmjs.org/node-python
15 verbose request no auth needed
16 info attempt registry request try #1 at 2:43:09 PM
17 verbose request id 43423433619c8e6e
18 http request GET https://registry.npmjs.org/node-python
19 http 200 https://registry.npmjs.org/node-python
20 verbose headers { server: 'nginx/1.10.1',
20 verbose headers   'content-type': 'application/json',
20 verbose headers   'last-modified': 'Wed, 10 May 2017 14:05:20 GMT',
20 verbose headers   etag: 'W/"59131e20-1529"',
20 verbose headers   'content-encoding': 'gzip',
20 verbose headers   'cache-control': 'max-age=300',
20 verbose headers   'content-length': '1715',
20 verbose headers   'accept-ranges': 'bytes',
20 verbose headers   date: 'Mon, 03 Jul 2017 12:43:09 GMT',
20 verbose headers   via: '1.1 varnish',
20 verbose headers   age: '0',
20 verbose headers   connection: 'keep-alive',
20 verbose headers   'x-served-by': 'cache-hhn1549-HHN',
20 verbose headers   'x-cache': 'MISS',
20 verbose headers   'x-cache-hits': '0',
20 verbose headers   'x-timer': 'S1499085790.669153,VS0,VE20',
20 verbose headers   vary: 'Accept-Encoding' }
21 silly get cb [ 200,
21 silly get   { server: 'nginx/1.10.1',
21 silly get     'content-type': 'application/json',
21 silly get     'last-modified': 'Wed, 10 May 2017 14:05:20 GMT',
21 silly get     etag: 'W/"59131e20-1529"',
21 silly get     'content-encoding': 'gzip',
21 silly get     'cache-control': 'max-age=300',
21 silly get     'content-length': '1715',
21 silly get     'accept-ranges': 'bytes',
21 silly get     date: 'Mon, 03 Jul 2017 12:43:09 GMT',
21 silly get     via: '1.1 varnish',
21 silly get     age: '0',
21 silly get     connection: 'keep-alive',
21 silly get     'x-served-by': 'cache-hhn1549-HHN',
21 silly get     'x-cache': 'MISS',
21 silly get     'x-cache-hits': '0',
21 silly get     'x-timer': 'S1499085790.669153,VS0,VE20',
21 silly get     vary: 'Accept-Encoding' } ]
22 verbose get saving node-python to /home/fappy/.npm/registry.npmjs.org/node-python/.cache.json
23 verbose correctMkdir /home/fappy/.npm correctMkdir not in flight; initializing
24 silly install normalizeTree
25 silly loadCurrentTree Finishing
26 silly loadIdealTree Starting
27 silly install loadIdealTree
28 silly cloneCurrentTree Starting
29 silly install cloneCurrentTreeToIdealTree
30 silly cloneCurrentTree Finishing
31 silly loadShrinkwrap Starting
32 silly install loadShrinkwrap
33 silly loadShrinkwrap Finishing
34 silly loadAllDepsIntoIdealTree Starting
35 silly install loadAllDepsIntoIdealTree
36 silly resolveWithNewModule node-python@0.0.4 checking installable status
37 silly cache add args [ 'node-python', null ]
38 verbose cache add spec node-python
39 silly cache add parsed spec Result {
39 silly cache add   raw: 'node-python',
39 silly cache add   scope: null,
39 silly cache add   escapedName: 'node-python',
39 silly cache add   name: 'node-python',
39 silly cache add   rawSpec: '',
39 silly cache add   spec: 'latest',
39 silly cache add   type: 'tag' }
40 silly addNamed node-python@latest
41 verbose addNamed "latest" is being treated as a dist-tag for node-python
42 info addNameTag [ 'node-python', 'latest' ]
43 silly mapToRegistry name node-python
44 silly mapToRegistry using default registry
45 silly mapToRegistry registry https://registry.npmjs.org/
46 silly mapToRegistry data Result {
46 silly mapToRegistry   raw: 'node-python',
46 silly mapToRegistry   scope: null,
46 silly mapToRegistry   escapedName: 'node-python',
46 silly mapToRegistry   name: 'node-python',
46 silly mapToRegistry   rawSpec: '',
46 silly mapToRegistry   spec: 'latest',
46 silly mapToRegistry   type: 'tag' }
47 silly mapToRegistry uri https://registry.npmjs.org/node-python
48 verbose addNameTag registry:https://registry.npmjs.org/node-python not in flight; fetching
49 verbose get https://registry.npmjs.org/node-python not expired, no request
50 silly addNameTag next cb for node-python with tag latest
51 silly addNamed node-python@0.0.4
52 verbose addNamed "0.0.4" is a plain semver version for node-python
53 silly mapToRegistry name node-python
54 silly mapToRegistry using default registry
55 silly mapToRegistry registry https://registry.npmjs.org/
56 silly mapToRegistry data Result {
56 silly mapToRegistry   raw: 'node-python',
56 silly mapToRegistry   scope: null,
56 silly mapToRegistry   escapedName: 'node-python',
56 silly mapToRegistry   name: 'node-python',
56 silly mapToRegistry   rawSpec: '',
56 silly mapToRegistry   spec: 'latest',
56 silly mapToRegistry   type: 'tag' }
57 silly mapToRegistry uri https://registry.npmjs.org/node-python
58 verbose addRemoteTarball https://registry.npmjs.org/node-python/-/node-python-0.0.4.tgz not in flight; adding
59 verbose addRemoteTarball [ 'https://registry.npmjs.org/node-python/-/node-python-0.0.4.tgz',
59 verbose addRemoteTarball   '5dc689cc6f8394e0de39b10627296e93ff28db08' ]
60 info retry fetch attempt 1 at 2:43:09 PM
61 info attempt registry request try #1 at 2:43:09 PM
62 http fetch GET https://registry.npmjs.org/node-python/-/node-python-0.0.4.tgz
63 http fetch 200 https://registry.npmjs.org/node-python/-/node-python-0.0.4.tgz
64 silly fetchAndShaCheck shasum 5dc689cc6f8394e0de39b10627296e93ff28db08
65 verbose addTmpTarball /tmp/npm-8697-da1fd7cd/registry.npmjs.org/node-python/-/node-python-0.0.4.tgz not in flight; adding
66 verbose addTmpTarball already have metadata; skipping unpack for node-python@0.0.4
67 verbose correctMkdir /home/fappy/.npm correctMkdir not in flight; initializing
68 silly cache afterAdd node-python@0.0.4
69 verbose afterAdd /home/fappy/.npm/node-python/0.0.4/package/package.json not in flight; writing
70 verbose correctMkdir /home/fappy/.npm correctMkdir not in flight; initializing
71 verbose afterAdd /home/fappy/.npm/node-python/0.0.4/package/package.json written
72 silly fetchNamedPackageData bindings
73 silly mapToRegistry name bindings
74 silly mapToRegistry using default registry
75 silly mapToRegistry registry https://registry.npmjs.org/
76 silly mapToRegistry data Result {
76 silly mapToRegistry   raw: 'bindings',
76 silly mapToRegistry   scope: null,
76 silly mapToRegistry   escapedName: 'bindings',
76 silly mapToRegistry   name: 'bindings',
76 silly mapToRegistry   rawSpec: '',
76 silly mapToRegistry   spec: 'latest',
76 silly mapToRegistry   type: 'tag' }
77 silly mapToRegistry uri https://registry.npmjs.org/bindings
78 verbose request uri https://registry.npmjs.org/bindings
79 verbose request no auth needed
80 info attempt registry request try #1 at 2:43:09 PM
81 http request GET https://registry.npmjs.org/bindings
82 http 200 https://registry.npmjs.org/bindings
83 verbose headers { server: 'nginx/1.10.1',
83 verbose headers   'content-type': 'application/json',
83 verbose headers   'last-modified': 'Mon, 22 May 2017 20:52:41 GMT',
83 verbose headers   etag: 'W/"59234f99-46bf"',
83 verbose headers   'content-encoding': 'gzip',
83 verbose headers   'cache-control': 'max-age=300',
83 verbose headers   'content-length': '3502',
83 verbose headers   'accept-ranges': 'bytes',
83 verbose headers   date: 'Mon, 03 Jul 2017 12:43:09 GMT',
83 verbose headers   via: '1.1 varnish',
83 verbose headers   age: '199',
83 verbose headers   connection: 'keep-alive',
83 verbose headers   'x-served-by': 'cache-hhn1549-HHN',
83 verbose headers   'x-cache': 'HIT',
83 verbose headers   'x-cache-hits': '3',
83 verbose headers   'x-timer': 'S1499085790.876791,VS0,VE0',
83 verbose headers   vary: 'Accept-Encoding' }
84 silly get cb [ 200,
84 silly get   { server: 'nginx/1.10.1',
84 silly get     'content-type': 'application/json',
84 silly get     'last-modified': 'Mon, 22 May 2017 20:52:41 GMT',
84 silly get     etag: 'W/"59234f99-46bf"',
84 silly get     'content-encoding': 'gzip',
84 silly get     'cache-control': 'max-age=300',
84 silly get     'content-length': '3502',
84 silly get     'accept-ranges': 'bytes',
84 silly get     date: 'Mon, 03 Jul 2017 12:43:09 GMT',
84 silly get     via: '1.1 varnish',
84 silly get     age: '199',
84 silly get     connection: 'keep-alive',
84 silly get     'x-served-by': 'cache-hhn1549-HHN',
84 silly get     'x-cache': 'HIT',
84 silly get     'x-cache-hits': '3',
84 silly get     'x-timer': 'S1499085790.876791,VS0,VE0',
84 silly get     vary: 'Accept-Encoding' } ]
85 verbose get saving bindings to /home/fappy/.npm/registry.npmjs.org/bindings/.cache.json
86 verbose correctMkdir /home/fappy/.npm correctMkdir not in flight; initializing
87 silly pickManifestFromRegistryMetadata spec >=1.1.1 <1.2.0 tag latest versions [ '0.0.1',
87 silly pickManifestFromRegistryMetadata   '0.1.0',
87 silly pickManifestFromRegistryMetadata   '0.1.1',
87 silly pickManifestFromRegistryMetadata   '0.2.0',
87 silly pickManifestFromRegistryMetadata   '0.2.1',
87 silly pickManifestFromRegistryMetadata   '0.2.2',
87 silly pickManifestFromRegistryMetadata   '0.2.3',
87 silly pickManifestFromRegistryMetadata   '0.2.4',
87 silly pickManifestFromRegistryMetadata   '0.3.0',
87 silly pickManifestFromRegistryMetadata   '0.4.0',
87 silly pickManifestFromRegistryMetadata   '1.0.0',
87 silly pickManifestFromRegistryMetadata   '1.1.0',
87 silly pickManifestFromRegistryMetadata   '1.1.1',
87 silly pickManifestFromRegistryMetadata   '1.2.0',
87 silly pickManifestFromRegistryMetadata   '1.2.1' ]
88 silly resolveWithNewModule bindings@1.1.1 checking installable status
89 silly cache add args [ 'bindings@~1.1.1', null ]
90 verbose cache add spec bindings@~1.1.1
91 silly cache add parsed spec Result {
91 silly cache add   raw: 'bindings@~1.1.1',
91 silly cache add   scope: null,
91 silly cache add   escapedName: 'bindings',
91 silly cache add   name: 'bindings',
91 silly cache add   rawSpec: '~1.1.1',
91 silly cache add   spec: '>=1.1.1 <1.2.0',
91 silly cache add   type: 'range' }
92 silly addNamed bindings@>=1.1.1 <1.2.0
93 verbose addNamed ">=1.1.1 <1.2.0" is a valid semver range for bindings
94 silly addNameRange { name: 'bindings', range: '>=1.1.1 <1.2.0', hasData: false }
95 silly mapToRegistry name bindings
96 silly mapToRegistry using default registry
97 silly mapToRegistry registry https://registry.npmjs.org/
98 silly mapToRegistry data Result {
98 silly mapToRegistry   raw: 'bindings',
98 silly mapToRegistry   scope: null,
98 silly mapToRegistry   escapedName: 'bindings',
98 silly mapToRegistry   name: 'bindings',
98 silly mapToRegistry   rawSpec: '',
98 silly mapToRegistry   spec: 'latest',
98 silly mapToRegistry   type: 'tag' }
99 silly mapToRegistry uri https://registry.npmjs.org/bindings
100 verbose addNameRange registry:https://registry.npmjs.org/bindings not in flight; fetching
101 verbose get https://registry.npmjs.org/bindings not expired, no request
102 silly addNameRange number 2 { name: 'bindings', range: '>=1.1.1 <1.2.0', hasData: true }
103 silly addNameRange versions [ 'bindings',
103 silly addNameRange   [ '0.0.1',
103 silly addNameRange     '0.1.0',
103 silly addNameRange     '0.1.1',
103 silly addNameRange     '0.2.0',
103 silly addNameRange     '0.2.1',
103 silly addNameRange     '0.2.2',
103 silly addNameRange     '0.2.3',
103 silly addNameRange     '0.2.4',
103 silly addNameRange     '0.3.0',
103 silly addNameRange     '0.4.0',
103 silly addNameRange     '1.0.0',
103 silly addNameRange     '1.1.0',
103 silly addNameRange     '1.1.1',
103 silly addNameRange     '1.2.0',
103 silly addNameRange     '1.2.1' ] ]
104 silly pickManifestFromRegistryMetadata spec >=1.1.1 <1.2.0 tag latest versions [ '0.0.1',
104 silly pickManifestFromRegistryMetadata   '0.1.0',
104 silly pickManifestFromRegistryMetadata   '0.1.1',
104 silly pickManifestFromRegistryMetadata   '0.2.0',
104 silly pickManifestFromRegistryMetadata   '0.2.1',
104 silly pickManifestFromRegistryMetadata   '0.2.2',
104 silly pickManifestFromRegistryMetadata   '0.2.3',
104 silly pickManifestFromRegistryMetadata   '0.2.4',
104 silly pickManifestFromRegistryMetadata   '0.3.0',
104 silly pickManifestFromRegistryMetadata   '0.4.0',
104 silly pickManifestFromRegistryMetadata   '1.0.0',
104 silly pickManifestFromRegistryMetadata   '1.1.0',
104 silly pickManifestFromRegistryMetadata   '1.1.1',
104 silly pickManifestFromRegistryMetadata   '1.2.0',
104 silly pickManifestFromRegistryMetadata   '1.2.1' ]
105 silly addNamed bindings@1.1.1
106 verbose addNamed "1.1.1" is a plain semver version for bindings
107 silly mapToRegistry name bindings
108 silly mapToRegistry using default registry
109 silly mapToRegistry registry https://registry.npmjs.org/
110 silly mapToRegistry data Result {
110 silly mapToRegistry   raw: 'bindings',
110 silly mapToRegistry   scope: null,
110 silly mapToRegistry   escapedName: 'bindings',
110 silly mapToRegistry   name: 'bindings',
110 silly mapToRegistry   rawSpec: '',
110 silly mapToRegistry   spec: 'latest',
110 silly mapToRegistry   type: 'tag' }
111 silly mapToRegistry uri https://registry.npmjs.org/bindings
112 verbose addRemoteTarball https://registry.npmjs.org/bindings/-/bindings-1.1.1.tgz not in flight; adding
113 verbose addRemoteTarball [ 'https://registry.npmjs.org/bindings/-/bindings-1.1.1.tgz',
113 verbose addRemoteTarball   '951f7ae010302ffc50b265b124032017ed2bf6f3' ]
114 info retry fetch attempt 1 at 2:43:09 PM
115 info attempt registry request try #1 at 2:43:09 PM
116 http fetch GET https://registry.npmjs.org/bindings/-/bindings-1.1.1.tgz
117 http fetch 200 https://registry.npmjs.org/bindings/-/bindings-1.1.1.tgz
118 silly fetchAndShaCheck shasum 951f7ae010302ffc50b265b124032017ed2bf6f3
119 verbose addTmpTarball /tmp/npm-8697-da1fd7cd/registry.npmjs.org/bindings/-/bindings-1.1.1.tgz not in flight; adding
120 verbose addTmpTarball already have metadata; skipping unpack for bindings@1.1.1
121 verbose correctMkdir /home/fappy/.npm correctMkdir not in flight; initializing
122 silly cache afterAdd bindings@1.1.1
123 verbose afterAdd /home/fappy/.npm/bindings/1.1.1/package/package.json not in flight; writing
124 verbose correctMkdir /home/fappy/.npm correctMkdir not in flight; initializing
125 verbose afterAdd /home/fappy/.npm/bindings/1.1.1/package/package.json written
126 silly loadAllDepsIntoIdealTree Finishing
127 silly loadIdealTree Finishing
128 silly currentTree nodeserver@1.0.0
128 silly currentTree ├── accepts@1.3.3
128 silly currentTree ├── array-flatten@1.1.1
128 silly currentTree ├── body-parser@1.17.2
128 silly currentTree ├── bytes@2.4.0
128 silly currentTree ├── content-disposition@0.5.2
128 silly currentTree ├── content-type@1.0.2
128 silly currentTree ├── cookie-signature@1.0.6
128 silly currentTree ├── cookie@0.3.1
128 silly currentTree ├── debug@2.6.7
128 silly currentTree ├── depd@1.1.0
128 silly currentTree ├── destroy@1.0.4
128 silly currentTree ├── ee-first@1.1.1
128 silly currentTree ├── ejs@2.5.6
128 silly currentTree ├── encodeurl@1.0.1
128 silly currentTree ├── escape-html@1.0.3
128 silly currentTree ├── etag@1.8.0
128 silly currentTree ├── express@4.15.3
128 silly currentTree ├── finalhandler@1.0.3
128 silly currentTree ├── forwarded@0.1.0
128 silly currentTree ├── fresh@0.5.0
128 silly currentTree ├── http-errors@1.6.1
128 silly currentTree ├── iconv-lite@0.4.15
128 silly currentTree ├── inherits@2.0.3
128 silly currentTree ├── ipaddr.js@1.3.0
128 silly currentTree ├── media-typer@0.3.0
128 silly currentTree ├── merge-descriptors@1.0.1
128 silly currentTree ├── methods@1.1.2
128 silly currentTree ├── mime-db@1.27.0
128 silly currentTree ├── mime-types@2.1.15
128 silly currentTree ├── mime@1.3.4
128 silly currentTree ├── ms@2.0.0
128 silly currentTree ├── negotiator@0.6.1
128 silly currentTree ├── on-finished@2.3.0
128 silly currentTree ├── parseurl@1.3.1
128 silly currentTree ├── path-to-regexp@0.1.7
128 silly currentTree ├── proxy-addr@1.1.4
128 silly currentTree ├── python-shell@0.4.0
128 silly currentTree ├── qs@6.4.0
128 silly currentTree ├── range-parser@1.2.0
128 silly currentTree ├── raw-body@2.2.0
128 silly currentTree ├── send@0.15.3
128 silly currentTree ├── serve-static@1.12.3
128 silly currentTree ├── setprototypeof@1.0.3
128 silly currentTree ├── statuses@1.3.1
128 silly currentTree ├── type-is@1.6.15
128 silly currentTree ├── unpipe@1.0.0
128 silly currentTree ├── utils-merge@1.0.0
128 silly currentTree └── vary@1.1.1
129 silly idealTree nodeserver@1.0.0
129 silly idealTree ├── accepts@1.3.3
129 silly idealTree ├── array-flatten@1.1.1
129 silly idealTree ├── bindings@1.1.1
129 silly idealTree ├── body-parser@1.17.2
129 silly idealTree ├── bytes@2.4.0
129 silly idealTree ├── content-disposition@0.5.2
129 silly idealTree ├── content-type@1.0.2
129 silly idealTree ├── cookie-signature@1.0.6
129 silly idealTree ├── cookie@0.3.1
129 silly idealTree ├── debug@2.6.7
129 silly idealTree ├── depd@1.1.0
129 silly idealTree ├── destroy@1.0.4
129 silly idealTree ├── ee-first@1.1.1
129 silly idealTree ├── ejs@2.5.6
129 silly idealTree ├── encodeurl@1.0.1
129 silly idealTree ├── escape-html@1.0.3
129 silly idealTree ├── etag@1.8.0
129 silly idealTree ├── express@4.15.3
129 silly idealTree ├── finalhandler@1.0.3
129 silly idealTree ├── forwarded@0.1.0
129 silly idealTree ├── fresh@0.5.0
129 silly idealTree ├── http-errors@1.6.1
129 silly idealTree ├── iconv-lite@0.4.15
129 silly idealTree ├── inherits@2.0.3
129 silly idealTree ├── ipaddr.js@1.3.0
129 silly idealTree ├── media-typer@0.3.0
129 silly idealTree ├── merge-descriptors@1.0.1
129 silly idealTree ├── methods@1.1.2
129 silly idealTree ├── mime-db@1.27.0
129 silly idealTree ├── mime-types@2.1.15
129 silly idealTree ├── mime@1.3.4
129 silly idealTree ├── ms@2.0.0
129 silly idealTree ├── negotiator@0.6.1
129 silly idealTree ├── node-python@0.0.4
129 silly idealTree ├── on-finished@2.3.0
129 silly idealTree ├── parseurl@1.3.1
129 silly idealTree ├── path-to-regexp@0.1.7
129 silly idealTree ├── proxy-addr@1.1.4
129 silly idealTree ├── python-shell@0.4.0
129 silly idealTree ├── qs@6.4.0
129 silly idealTree ├── range-parser@1.2.0
129 silly idealTree ├── raw-body@2.2.0
129 silly idealTree ├── send@0.15.3
129 silly idealTree ├── serve-static@1.12.3
129 silly idealTree ├── setprototypeof@1.0.3
129 silly idealTree ├── statuses@1.3.1
129 silly idealTree ├── type-is@1.6.15
129 silly idealTree ├── unpipe@1.0.0
129 silly idealTree ├── utils-merge@1.0.0
129 silly idealTree └── vary@1.1.1
130 silly generateActionsToTake Starting
131 silly install generateActionsToTake
132 silly generateActionsToTake Finishing
133 silly diffTrees action count 2
134 silly diffTrees add bindings@1.1.1
135 silly diffTrees add node-python@0.0.4
136 silly decomposeActions action count 16
137 silly decomposeActions fetch bindings@1.1.1
138 silly decomposeActions extract bindings@1.1.1
139 silly decomposeActions test bindings@1.1.1
140 silly decomposeActions preinstall bindings@1.1.1
141 silly decomposeActions build bindings@1.1.1
142 silly decomposeActions install bindings@1.1.1
143 silly decomposeActions postinstall bindings@1.1.1
144 silly decomposeActions finalize bindings@1.1.1
145 silly decomposeActions fetch node-python@0.0.4
146 silly decomposeActions extract node-python@0.0.4
147 silly decomposeActions test node-python@0.0.4
148 silly decomposeActions preinstall node-python@0.0.4
149 silly decomposeActions build node-python@0.0.4
150 silly decomposeActions install node-python@0.0.4
151 silly decomposeActions postinstall node-python@0.0.4
152 silly decomposeActions finalize node-python@0.0.4
153 silly runTopLevelLifecycles Starting
154 silly executeActions Starting
155 silly install executeActions
156 silly doSerial global-install 0
157 silly doParallel fetch 2
158 verbose correctMkdir /home/fappy/.npm/_locks correctMkdir not in flight; initializing
159 verbose lock using /home/fappy/.npm/_locks/staging-dc14f27c0fe3da88.lock for /home/fappy/Desktop/NodeServer/node_modules/.staging
160 silly doParallel extract 2
161 silly extract bindings@1.1.1
162 silly extract node-python@0.0.4
163 verbose unbuild node_modules/.staging/bindings-5392cb47
164 verbose unbuild node_modules/.staging/node-python-c8683208
165 silly gentlyRm /home/fappy/Desktop/NodeServer/node_modules/.staging/bindings-5392cb47 is being purged from base /home/fappy/Desktop/NodeServer
166 verbose gentlyRm don't care about contents; nuking /home/fappy/Desktop/NodeServer/node_modules/.staging/bindings-5392cb47
167 silly gentlyRm /home/fappy/Desktop/NodeServer/node_modules/.staging/node-python-c8683208 is being purged from base /home/fappy/Desktop/NodeServer
168 verbose gentlyRm don't care about contents; nuking /home/fappy/Desktop/NodeServer/node_modules/.staging/node-python-c8683208
169 verbose tar unpack /home/fappy/.npm/bindings/1.1.1/package.tgz
170 verbose tar unpacking to /home/fappy/Desktop/NodeServer/node_modules/.staging/bindings-5392cb47
171 silly gentlyRm /home/fappy/Desktop/NodeServer/node_modules/.staging/bindings-5392cb47 is being purged
172 verbose gentlyRm don't care about contents; nuking /home/fappy/Desktop/NodeServer/node_modules/.staging/bindings-5392cb47
173 verbose tar unpack /home/fappy/.npm/node-python/0.0.4/package.tgz
174 verbose tar unpacking to /home/fappy/Desktop/NodeServer/node_modules/.staging/node-python-c8683208
175 silly gentlyRm /home/fappy/Desktop/NodeServer/node_modules/.staging/node-python-c8683208 is being purged
176 verbose gentlyRm don't care about contents; nuking /home/fappy/Desktop/NodeServer/node_modules/.staging/node-python-c8683208
177 silly gunzTarPerm modes [ '775', '664' ]
178 silly gunzTarPerm modes [ '775', '664' ]
179 silly gunzTarPerm extractEntry package.json
180 silly gunzTarPerm modified mode [ 'package.json', 420, 436 ]
181 silly gunzTarPerm extractEntry package.json
182 silly gunzTarPerm modified mode [ 'package.json', 420, 436 ]
183 silly gunzTarPerm extractEntry README.md
184 silly gunzTarPerm modified mode [ 'README.md', 420, 436 ]
185 silly gunzTarPerm extractEntry bindings.js
186 silly gunzTarPerm modified mode [ 'bindings.js', 420, 436 ]
187 silly gunzTarPerm extractEntry .npmignore
188 silly gunzTarPerm modified mode [ '.npmignore', 420, 436 ]
189 silly gunzTarPerm extractEntry README.md
190 silly gunzTarPerm modified mode [ 'README.md', 420, 436 ]
191 silly gunzTarPerm extractEntry index.js
192 silly gunzTarPerm modified mode [ 'index.js', 420, 436 ]
193 silly gunzTarPerm extractEntry .travis.yml
194 silly gunzTarPerm modified mode [ '.travis.yml', 420, 436 ]
195 silly gunzTarPerm extractEntry LICENSE.bsd
196 silly gunzTarPerm modified mode [ 'LICENSE.bsd', 420, 436 ]
197 silly gunzTarPerm extractEntry binding.gyp
198 silly gunzTarPerm modified mode [ 'binding.gyp', 420, 436 ]
199 silly gunzTarPerm extractEntry src/binding.cc
200 silly gunzTarPerm modified mode [ 'src/binding.cc', 420, 436 ]
201 silly gunzTarPerm extractEntry src/js_object_wrapper.h
202 silly gunzTarPerm modified mode [ 'src/js_object_wrapper.h', 420, 436 ]
203 silly gunzTarPerm extractEntry src/py_object_wrapper.cc
204 silly gunzTarPerm modified mode [ 'src/py_object_wrapper.cc', 420, 436 ]
205 silly gunzTarPerm extractEntry src/py_object_wrapper.h
206 silly gunzTarPerm modified mode [ 'src/py_object_wrapper.h', 420, 436 ]
207 silly gunzTarPerm extractEntry src/utils.cc
208 silly gunzTarPerm modified mode [ 'src/utils.cc', 420, 436 ]
209 silly gunzTarPerm extractEntry src/utils.h
210 silly gunzTarPerm modified mode [ 'src/utils.h', 420, 436 ]
211 silly gunzTarPerm extractEntry test/linker.js
212 silly gunzTarPerm modified mode [ 'test/linker.js', 420, 436 ]
213 silly gentlyRm /home/fappy/Desktop/NodeServer/node_modules/.staging/bindings-5392cb47/node_modules is being purged
214 verbose gentlyRm don't care about contents; nuking /home/fappy/Desktop/NodeServer/node_modules/.staging/bindings-5392cb47/node_modules
215 silly gentlyRm /home/fappy/Desktop/NodeServer/node_modules/.staging/node-python-c8683208/node_modules is being purged
216 verbose gentlyRm don't care about contents; nuking /home/fappy/Desktop/NodeServer/node_modules/.staging/node-python-c8683208/node_modules
217 silly doParallel preinstall 2
218 silly preinstall bindings@1.1.1
219 info lifecycle bindings@1.1.1~preinstall: bindings@1.1.1
220 silly preinstall node-python@0.0.4
221 info lifecycle node-python@0.0.4~preinstall: node-python@0.0.4
222 silly lifecycle bindings@1.1.1~preinstall: no script for preinstall, continuing
223 silly lifecycle node-python@0.0.4~preinstall: no script for preinstall, continuing
224 silly doReverseSerial remove 0
225 silly doSerial move 0
226 silly doSerial finalize 2
227 silly finalize /home/fappy/Desktop/NodeServer/node_modules/bindings
228 silly finalize /home/fappy/Desktop/NodeServer/node_modules/node-python
229 silly doSerial build 2
230 silly build bindings@1.1.1
231 info linkStuff bindings@1.1.1
232 silly linkStuff bindings@1.1.1 has /home/fappy/Desktop/NodeServer/node_modules as its parent node_modules
233 verbose linkBins bindings@1.1.1
234 verbose linkMans bindings@1.1.1
235 silly build node-python@0.0.4
236 info linkStuff node-python@0.0.4
237 silly linkStuff node-python@0.0.4 has /home/fappy/Desktop/NodeServer/node_modules as its parent node_modules
238 verbose linkBins node-python@0.0.4
239 verbose linkMans node-python@0.0.4
240 silly doSerial global-link 0
241 silly doParallel update-linked 0
242 silly doSerial install 2
243 silly install bindings@1.1.1
244 info lifecycle bindings@1.1.1~install: bindings@1.1.1
245 silly lifecycle bindings@1.1.1~install: no script for install, continuing
246 silly install node-python@0.0.4
247 info lifecycle node-python@0.0.4~install: node-python@0.0.4
248 verbose lifecycle node-python@0.0.4~install: unsafe-perm in lifecycle true
249 verbose lifecycle node-python@0.0.4~install: PATH: /usr/local/lib/node_modules/npm/bin/node-gyp-bin:/home/fappy/Desktop/NodeServer/node_modules/node-python/node_modules/.bin:/home/fappy/Desktop/NodeServer/node_modules/.bin:/home/fappy/bin:/home/fappy/.local/bin:/home/fappy/bin:/home/fappy/.local/bin:/usr/local/sbin:/usr/local/bin:/usr/sbin:/usr/bin:/sbin:/bin:/usr/games:/usr/local/games:/snap/bin:/usr/lib/jvm/java-8-oracle/bin:/usr/lib/jvm/java-8-oracle/db/bin:/usr/lib/jvm/java-8-oracle/jre/bin:/snap/bin:/usr/lib/jvm/java-8-oracle/bin:/usr/lib/jvm/java-8-oracle/db/bin:/usr/lib/jvm/java-8-oracle/jre/bin
250 verbose lifecycle node-python@0.0.4~install: CWD: /home/fappy/Desktop/NodeServer/node_modules/node-python
251 silly lifecycle node-python@0.0.4~install: Args: [ '-c', 'node-gyp rebuild' ]
252 silly lifecycle node-python@0.0.4~install: Returned: code: 1  signal: null
253 info lifecycle node-python@0.0.4~install: Failed to exec install script
254 verbose unlock done using /home/fappy/.npm/_locks/staging-dc14f27c0fe3da88.lock for /home/fappy/Desktop/NodeServer/node_modules/.staging
255 silly rollbackFailedOptional Starting
256 silly gentlyRm /home/fappy/Desktop/NodeServer/node_modules/bindings is being purged from base /home/fappy/Desktop/NodeServer
257 verbose gentlyRm don't care about contents; nuking /home/fappy/Desktop/NodeServer/node_modules/bindings
258 silly gentlyRm /home/fappy/Desktop/NodeServer/node_modules/bindings is being purged from base /home/fappy/Desktop/NodeServer
259 verbose gentlyRm don't care about contents; nuking /home/fappy/Desktop/NodeServer/node_modules/bindings
260 silly gentlyRm /home/fappy/Desktop/NodeServer/node_modules/bindings is being purged from base /home/fappy/Desktop/NodeServer
261 verbose gentlyRm don't care about contents; nuking /home/fappy/Desktop/NodeServer/node_modules/bindings
262 silly gentlyRm /home/fappy/Desktop/NodeServer/node_modules/bindings is being purged from base /home/fappy/Desktop/NodeServer
263 verbose gentlyRm don't care about contents; nuking /home/fappy/Desktop/NodeServer/node_modules/bindings
264 silly gentlyRm /home/fappy/Desktop/NodeServer/node_modules/bindings is being purged from base /home/fappy/Desktop/NodeServer
265 verbose gentlyRm don't care about contents; nuking /home/fappy/Desktop/NodeServer/node_modules/bindings
266 silly gentlyRm /home/fappy/Desktop/NodeServer/node_modules/bindings is being purged from base /home/fappy/Desktop/NodeServer
267 verbose gentlyRm don't care about contents; nuking /home/fappy/Desktop/NodeServer/node_modules/bindings
268 silly gentlyRm /home/fappy/Desktop/NodeServer/node_modules/bindings is being purged from base /home/fappy/Desktop/NodeServer
269 verbose gentlyRm don't care about contents; nuking /home/fappy/Desktop/NodeServer/node_modules/bindings
270 silly gentlyRm /home/fappy/Desktop/NodeServer/node_modules/bindings is being purged from base /home/fappy/Desktop/NodeServer
271 verbose gentlyRm don't care about contents; nuking /home/fappy/Desktop/NodeServer/node_modules/bindings
272 silly gentlyRm /home/fappy/Desktop/NodeServer/node_modules/node-python is being purged from base /home/fappy/Desktop/NodeServer
273 verbose gentlyRm don't care about contents; nuking /home/fappy/Desktop/NodeServer/node_modules/node-python
274 silly gentlyRm /home/fappy/Desktop/NodeServer/node_modules/node-python is being purged from base /home/fappy/Desktop/NodeServer
275 verbose gentlyRm don't care about contents; nuking /home/fappy/Desktop/NodeServer/node_modules/node-python
276 silly gentlyRm /home/fappy/Desktop/NodeServer/node_modules/node-python is being purged from base /home/fappy/Desktop/NodeServer
277 verbose gentlyRm don't care about contents; nuking /home/fappy/Desktop/NodeServer/node_modules/node-python
278 silly gentlyRm /home/fappy/Desktop/NodeServer/node_modules/node-python is being purged from base /home/fappy/Desktop/NodeServer
279 verbose gentlyRm don't care about contents; nuking /home/fappy/Desktop/NodeServer/node_modules/node-python
280 silly gentlyRm /home/fappy/Desktop/NodeServer/node_modules/node-python is being purged from base /home/fappy/Desktop/NodeServer
281 verbose gentlyRm don't care about contents; nuking /home/fappy/Desktop/NodeServer/node_modules/node-python
282 silly gentlyRm /home/fappy/Desktop/NodeServer/node_modules/node-python is being purged from base /home/fappy/Desktop/NodeServer
283 verbose gentlyRm don't care about contents; nuking /home/fappy/Desktop/NodeServer/node_modules/node-python
284 silly gentlyRm /home/fappy/Desktop/NodeServer/node_modules/node-python is being purged from base /home/fappy/Desktop/NodeServer
285 verbose gentlyRm don't care about contents; nuking /home/fappy/Desktop/NodeServer/node_modules/node-python
286 silly gentlyRm /home/fappy/Desktop/NodeServer/node_modules/node-python is being purged from base /home/fappy/Desktop/NodeServer
287 verbose gentlyRm don't care about contents; nuking /home/fappy/Desktop/NodeServer/node_modules/node-python
288 silly vacuum-fs purging /home/fappy/Desktop/NodeServer/node_modules/bindings
289 silly vacuum-fs purging /home/fappy/Desktop/NodeServer/node_modules/bindings
290 silly vacuum-fs purging /home/fappy/Desktop/NodeServer/node_modules/bindings
291 silly vacuum-fs purging /home/fappy/Desktop/NodeServer/node_modules/bindings
292 silly vacuum-fs purging /home/fappy/Desktop/NodeServer/node_modules/bindings
293 silly vacuum-fs purging /home/fappy/Desktop/NodeServer/node_modules/bindings
294 silly vacuum-fs purging /home/fappy/Desktop/NodeServer/node_modules/bindings
295 silly vacuum-fs purging /home/fappy/Desktop/NodeServer/node_modules/bindings
296 silly vacuum-fs purging /home/fappy/Desktop/NodeServer/node_modules/node-python
297 silly vacuum-fs purging /home/fappy/Desktop/NodeServer/node_modules/node-python
298 silly vacuum-fs purging /home/fappy/Desktop/NodeServer/node_modules/node-python
299 silly vacuum-fs purging /home/fappy/Desktop/NodeServer/node_modules/node-python
300 silly vacuum-fs purging /home/fappy/Desktop/NodeServer/node_modules/node-python
301 silly vacuum-fs purging /home/fappy/Desktop/NodeServer/node_modules/node-python
302 silly vacuum-fs purging /home/fappy/Desktop/NodeServer/node_modules/node-python
303 silly vacuum-fs purging /home/fappy/Desktop/NodeServer/node_modules/node-python
304 silly vacuum-fs quitting because other entries in /home/fappy/Desktop/NodeServer/node_modules
305 silly vacuum-fs quitting because other entries in /home/fappy/Desktop/NodeServer/node_modules
306 silly vacuum-fs quitting because other entries in /home/fappy/Desktop/NodeServer/node_modules
307 silly vacuum-fs quitting because other entries in /home/fappy/Desktop/NodeServer/node_modules
308 silly vacuum-fs quitting because other entries in /home/fappy/Desktop/NodeServer/node_modules
309 silly vacuum-fs quitting because other entries in /home/fappy/Desktop/NodeServer/node_modules
310 silly vacuum-fs quitting because other entries in /home/fappy/Desktop/NodeServer/node_modules
311 silly vacuum-fs quitting because other entries in /home/fappy/Desktop/NodeServer/node_modules
312 silly vacuum-fs quitting because other entries in /home/fappy/Desktop/NodeServer/node_modules
313 silly vacuum-fs quitting because other entries in /home/fappy/Desktop/NodeServer/node_modules
314 silly vacuum-fs quitting because other entries in /home/fappy/Desktop/NodeServer/node_modules
315 silly vacuum-fs quitting because other entries in /home/fappy/Desktop/NodeServer/node_modules
316 silly vacuum-fs quitting because other entries in /home/fappy/Desktop/NodeServer/node_modules
317 silly vacuum-fs quitting because other entries in /home/fappy/Desktop/NodeServer/node_modules
318 silly vacuum-fs quitting because other entries in /home/fappy/Desktop/NodeServer/node_modules
319 silly vacuum-fs quitting because other entries in /home/fappy/Desktop/NodeServer/node_modules
320 silly rollbackFailedOptional Finishing
321 silly runTopLevelLifecycles Finishing
322 silly install printInstalled
323 warn nodeserver@1.0.0 No repository field.
324 verbose If you need help, you may report this error at:
324 verbose     <https://github.com/npm/npm/issues>
325 verbose stack Error: node-python@0.0.4 install: `node-gyp rebuild`
325 verbose stack Exit status 1
325 verbose stack     at EventEmitter.<anonymous> (/usr/local/lib/node_modules/npm/lib/utils/lifecycle.js:279:16)
325 verbose stack     at emitTwo (events.js:106:13)
325 verbose stack     at EventEmitter.emit (events.js:192:7)
325 verbose stack     at ChildProcess.<anonymous> (/usr/local/lib/node_modules/npm/lib/utils/spawn.js:40:14)
325 verbose stack     at emitTwo (events.js:106:13)
325 verbose stack     at ChildProcess.emit (events.js:192:7)
325 verbose stack     at maybeClose (internal/child_process.js:890:16)
325 verbose stack     at Process.ChildProcess._handle.onexit (internal/child_process.js:226:5)
326 verbose pkgid node-python@0.0.4
327 verbose cwd /home/fappy/Desktop/NodeServer
328 error Linux 4.4.0-83-generic
329 error argv "/usr/local/bin/node" "/usr/local/bin/npm" "install" "node-python"
330 error node v7.6.0
331 error npm  v4.1.2
332 error code ELIFECYCLE
333 error node-python@0.0.4 install: `node-gyp rebuild`
333 error Exit status 1
334 error Failed at the node-python@0.0.4 install script 'node-gyp rebuild'.
334 error Make sure you have the latest version of node.js and npm installed.
334 error If you do, this is most likely a problem with the node-python package,
334 error not with npm itself.
334 error Tell the author that this fails on your system:
334 error     node-gyp rebuild
334 error You can get information on how to open an issue for this project with:
334 error     npm bugs node-python
334 error Or if that isn't available, you can get their info via:
334 error     npm owner ls node-python
334 error There is likely additional logging output above.
335 verbose exit [ 1, true ]
